2019-05-07 23:21:12 INFO  PluginTasksProjectComponent.projectOpened(77) - ---------- Project opened ----------
2019-05-07 23:21:12 INFO  PluginTasksProjectComponent.projectOpened(78) - ---------- Version 3.30 ----------

2019-05-07 23:21:12 INFO  PluginTasksProjectComponent.setAutoscrolls(366) - Autoscrolls successfully set
2019-05-07 23:21:14 INFO  ApacheHttpClient.isSessionAppropriateWithSecretKey(572) - The session is not set in the property file.
2019-05-07 23:21:14 INFO  ApacheHttpClient.logout(616) - Waiting for server response.
2019-05-07 23:21:14 INFO  ApacheHttpClient.login(238) - Waiting for server response.
2019-05-07 23:21:14 INFO  ApacheHttpClient.login(242) - responseCode = 200
2019-05-07 23:21:14 INFO  ApacheHttpClient.login(265) - JSESSIONID OK
2019-05-07 23:21:14 INFO  ApacheHttpClient.refreshUserInfo(293) - responseCode = 200
2019-05-07 23:21:14 INFO  ApacheHttpClient.refreshUserInfo(299) - User information received.
2019-05-07 23:21:14 INFO  ApacheHttpClient.startGA(35) - GAService started.
2019-05-07 23:21:14 INFO  AbstractRestApiClient.startService(71) - EventsService started.
2019-05-07 23:21:20 INFO  PluginTasksProjectComponent.projectClosing(188) - ---------- Project closed ----------

2019-05-07 23:21:25 INFO  PluginTasksProjectComponent.projectOpened(77) - ---------- Project opened ----------
2019-05-07 23:21:25 INFO  PluginTasksProjectComponent.projectOpened(77) - ---------- Project opened ----------
2019-05-07 23:21:25 INFO  PluginTasksProjectComponent.projectOpened(78) - ---------- Version 3.30 ----------

2019-05-07 23:21:25 INFO  PluginTasksProjectComponent.projectOpened(78) - ---------- Version 3.30 ----------

2019-05-07 23:21:25 INFO  PluginTasksProjectComponent.setAutoscrolls(366) - Autoscrolls successfully set
2019-05-07 23:21:25 INFO  PluginTasksProjectComponent.setAutoscrolls(366) - Autoscrolls successfully set
2019-05-07 23:21:26 INFO  ApacheHttpClient.isSessionAppropriateWithSecretKey(585) - Waiting for server response.
2019-05-07 23:21:26 INFO  ApacheHttpClient.isSessionAppropriateWithSecretKey(585) - Waiting for server response.
2019-05-07 23:21:26 INFO  ApacheHttpClient.refreshUserInfo(293) - responseCode = 200
2019-05-07 23:21:26 INFO  ApacheHttpClient.refreshUserInfo(293) - responseCode = 200
2019-05-07 23:21:26 INFO  ApacheHttpClient.refreshUserInfo(299) - User information received.
2019-05-07 23:21:26 INFO  ApacheHttpClient.refreshUserInfo(299) - User information received.
2019-05-07 23:21:26 INFO  ApacheHttpClient.startGA(35) - GAService started.
2019-05-07 23:21:26 INFO  ApacheHttpClient.startGA(35) - GAService started.
2019-05-07 23:21:26 INFO  AbstractRestApiClient.startService(71) - EventsService started.
2019-05-07 23:21:26 INFO  AbstractRestApiClient.startService(71) - EventsService started.
2019-05-07 23:21:32 INFO  ApacheHttpClient.getWebResourceAsStream(485) - responseCode = 200
2019-05-07 23:21:32 INFO  ApacheHttpClient.getWebResourceAsStream(485) - responseCode = 200
2019-05-07 23:21:34 INFO  ApacheHttpClient.getFilteredTasks(324) - responseCode = 200
2019-05-07 23:21:34 INFO  ApacheHttpClient.getFilteredTasks(324) - responseCode = 200
2019-05-07 23:21:37 INFO  ApacheHttpClient.getFilteredTasks(324) - responseCode = 200
2019-05-07 23:21:37 INFO  ApacheHttpClient.getFilteredTasks(324) - responseCode = 200
2019-05-07 23:22:06 INFO  ApacheHttpClient.getWebResourceAsStream(485) - responseCode = 200
2019-05-07 23:22:06 INFO  ApacheHttpClient.getWebResourceAsStream(485) - responseCode = 200
2019-05-07 23:22:06 INFO  ApacheHttpClient.getFilteredTasks(324) - responseCode = 200
2019-05-07 23:22:06 INFO  ApacheHttpClient.getFilteredTasks(324) - responseCode = 200
2019-05-07 23:22:16 INFO  PluginTasksProjectComponent.projectClosing(188) - ---------- Project closed ----------

2019-05-07 23:22:16 INFO  PluginTasksProjectComponent.projectClosing(188) - ---------- Project closed ----------

2019-05-07 23:23:48 INFO  PluginTasksProjectComponent.projectOpened(77) - ---------- Project opened ----------
2019-05-07 23:23:48 INFO  PluginTasksProjectComponent.projectOpened(78) - ---------- Version 3.30 ----------

2019-05-07 23:23:48 INFO  ApacheHttpClient.createAsyncHttpClient(135) - 1 proxies selected. Type: DIRECT
2019-05-07 23:23:48 INFO  ApacheHttpClient.<init>(93) - ApacheHttpClient was successfully instantiated.
2019-05-07 23:23:48 INFO  ApacheHttpClient.testConnection(193) - responseCode = 200
2019-05-07 23:23:48 INFO  ApacheHttpClient.testConnection(208) - result = true
2019-05-07 23:23:49 INFO  ApacheHttpClient.isSessionAppropriateWithSecretKey(585) - Waiting for server response.
2019-05-07 23:23:49 INFO  ApacheHttpClient.refreshUserInfo(293) - responseCode = 200
2019-05-07 23:23:49 INFO  ApacheHttpClient.refreshUserInfo(299) - User information received.
2019-05-07 23:23:49 INFO  ApacheHttpClient.startGA(35) - GAService started.
2019-05-07 23:23:49 INFO  AbstractRestApiClient.startService(71) - EventsService started.
2019-05-07 23:28:18 INFO  PluginTasksProjectComponent.projectClosing(188) - ---------- Project closed ----------

2019-05-07 23:28:20 INFO  PluginTasksProjectComponent.projectOpened(77) - ---------- Project opened ----------
2019-05-07 23:28:20 INFO  PluginTasksProjectComponent.projectOpened(77) - ---------- Project opened ----------
2019-05-07 23:28:20 INFO  PluginTasksProjectComponent.projectOpened(78) - ---------- Version 3.30 ----------

2019-05-07 23:28:20 INFO  PluginTasksProjectComponent.projectOpened(78) - ---------- Version 3.30 ----------

2019-05-07 23:28:21 INFO  ApacheHttpClient.isSessionAppropriateWithSecretKey(585) - Waiting for server response.
2019-05-07 23:28:21 INFO  ApacheHttpClient.isSessionAppropriateWithSecretKey(585) - Waiting for server response.
2019-05-07 23:28:21 INFO  ApacheHttpClient.refreshUserInfo(293) - responseCode = 200
2019-05-07 23:28:21 INFO  ApacheHttpClient.refreshUserInfo(293) - responseCode = 200
2019-05-07 23:28:21 INFO  ApacheHttpClient.refreshUserInfo(299) - User information received.
2019-05-07 23:28:21 INFO  ApacheHttpClient.refreshUserInfo(299) - User information received.
2019-05-07 23:28:21 INFO  ApacheHttpClient.startGA(35) - GAService started.
2019-05-07 23:28:21 INFO  ApacheHttpClient.startGA(35) - GAService started.
2019-05-07 23:28:21 INFO  AbstractRestApiClient.startService(71) - EventsService started.
2019-05-07 23:28:21 INFO  AbstractRestApiClient.startService(71) - EventsService started.
2019-05-07 23:33:05 INFO  PluginTasksProjectComponent.projectClosing(188) - ---------- Project closed ----------

2019-05-07 23:33:05 INFO  PluginTasksProjectComponent.projectClosing(188) - ---------- Project closed ----------

2019-05-07 23:34:48 INFO  PluginTasksProjectComponent.projectOpened(77) - ---------- Project opened ----------
2019-05-07 23:34:48 INFO  PluginTasksProjectComponent.projectOpened(78) - ---------- Version 3.30 ----------

2019-05-07 23:34:48 INFO  ApacheHttpClient.createAsyncHttpClient(135) - 1 proxies selected. Type: DIRECT
2019-05-07 23:34:48 INFO  ApacheHttpClient.<init>(93) - ApacheHttpClient was successfully instantiated.
2019-05-07 23:34:49 INFO  ApacheHttpClient.testConnection(193) - responseCode = 200
2019-05-07 23:34:49 INFO  ApacheHttpClient.testConnection(208) - result = true
2019-05-07 23:34:49 INFO  ApacheHttpClient.isSessionAppropriateWithSecretKey(585) - Waiting for server response.
2019-05-07 23:34:49 INFO  ApacheHttpClient.refreshUserInfo(293) - responseCode = 200
2019-05-07 23:34:49 INFO  ApacheHttpClient.refreshUserInfo(299) - User information received.
2019-05-07 23:34:49 INFO  ApacheHttpClient.startGA(35) - GAService started.
2019-05-07 23:34:49 WARN  PluginUtil.isProjectStructureCorrect(344) - The project structure is invalid.
2019-05-07 23:35:00 INFO  ApacheHttpClient.getWebResourceAsStream(485) - responseCode = 200
2019-05-07 23:35:00 WARN  PluginUtil.isProjectStructureCorrect(344) - The project structure is invalid.
2019-05-07 23:35:37 INFO  ApacheHttpClient.getWebResourceAsStream(485) - responseCode = 200
2019-05-07 23:35:37 WARN  PluginUtil.isProjectStructureCorrect(344) - The project structure is invalid.
2019-05-07 23:36:02 INFO  ApacheHttpClient.getWebResourceAsStream(485) - responseCode = 200
2019-05-07 23:36:02 WARN  PluginUtil.isProjectStructureCorrect(344) - The project structure is invalid.
2019-05-07 23:36:11 INFO  ApacheHttpClient.getWebResourceAsStream(485) - responseCode = 200
2019-05-07 23:36:11 ERROR PluginUtil.downloadHomeWorkTasks(422) - null : java.io.FileNotFoundException
2019-05-07 23:36:11 ERROR PluginUtil.isProjectIncorrect(379) - Error while creating the new project.
2019-05-07 23:36:26 INFO  PluginTasksProjectComponent.projectClosing(188) - ---------- Project closed ----------

2019-05-07 23:39:05 INFO  PluginTasksProjectComponent.projectOpened(77) - ---------- Project opened ----------
2019-05-07 23:39:05 INFO  PluginTasksProjectComponent.projectOpened(78) - ---------- Version 3.30 ----------

2019-05-07 23:39:05 INFO  ApacheHttpClient.createAsyncHttpClient(135) - 1 proxies selected. Type: DIRECT
2019-05-07 23:39:05 INFO  ApacheHttpClient.<init>(93) - ApacheHttpClient was successfully instantiated.
2019-05-07 23:39:06 INFO  ApacheHttpClient.testConnection(193) - responseCode = 200
2019-05-07 23:39:06 INFO  ApacheHttpClient.testConnection(208) - result = true
2019-05-07 23:39:06 INFO  ApacheHttpClient.isSessionAppropriateWithSecretKey(585) - Waiting for server response.
2019-05-07 23:39:06 INFO  ApacheHttpClient.refreshUserInfo(293) - responseCode = 200
2019-05-07 23:39:06 INFO  ApacheHttpClient.refreshUserInfo(299) - User information received.
2019-05-07 23:39:06 INFO  ApacheHttpClient.startGA(35) - GAService started.
2019-05-07 23:39:06 WARN  PluginUtil.isProjectStructureCorrect(344) - The project structure is invalid.
2019-05-07 23:39:26 INFO  ApacheHttpClient.getWebResourceAsStream(485) - responseCode = 200
2019-05-07 23:39:26 WARN  PluginUtil.isProjectStructureCorrect(344) - The project structure is invalid.
2019-05-07 23:39:35 INFO  ApacheHttpClient.getWebResourceAsStream(485) - responseCode = 200
2019-05-07 23:39:42 INFO  PluginTasksProjectComponent.projectClosing(188) - ---------- Project closed ----------

2019-05-07 23:39:42 INFO  PluginTasksProjectComponent.projectOpened(77) - ---------- Project opened ----------
2019-05-07 23:39:42 INFO  PluginTasksProjectComponent.projectOpened(77) - ---------- Project opened ----------
2019-05-07 23:39:42 INFO  PluginTasksProjectComponent.projectOpened(78) - ---------- Version 3.30 ----------

2019-05-07 23:39:42 INFO  PluginTasksProjectComponent.projectOpened(78) - ---------- Version 3.30 ----------

2019-05-07 23:39:43 INFO  ApacheHttpClient.isSessionAppropriateWithSecretKey(585) - Waiting for server response.
2019-05-07 23:39:43 INFO  ApacheHttpClient.isSessionAppropriateWithSecretKey(585) - Waiting for server response.
2019-05-07 23:39:44 INFO  ApacheHttpClient.refreshUserInfo(293) - responseCode = 200
2019-05-07 23:39:44 INFO  ApacheHttpClient.refreshUserInfo(293) - responseCode = 200
2019-05-07 23:39:44 INFO  ApacheHttpClient.refreshUserInfo(299) - User information received.
2019-05-07 23:39:44 INFO  ApacheHttpClient.refreshUserInfo(299) - User information received.
2019-05-07 23:39:44 INFO  ApacheHttpClient.startGA(35) - GAService started.
2019-05-07 23:39:44 INFO  ApacheHttpClient.startGA(35) - GAService started.
2019-05-07 23:39:44 INFO  AbstractRestApiClient.startService(71) - EventsService started.
2019-05-07 23:39:44 INFO  AbstractRestApiClient.startService(71) - EventsService started.
2019-05-07 23:39:52 INFO  ApacheHttpClient.getWebResourceAsStream(485) - responseCode = 200
2019-05-07 23:39:52 INFO  ApacheHttpClient.getWebResourceAsStream(485) - responseCode = 200
2019-05-07 23:39:52 INFO  ApacheHttpClient.getFilteredTasks(324) - responseCode = 200
2019-05-07 23:39:52 INFO  ApacheHttpClient.getFilteredTasks(324) - responseCode = 200
2019-05-07 23:40:19 INFO  PluginTasksProjectComponent.projectClosing(188) - ---------- Project closed ----------

2019-05-07 23:40:19 INFO  PluginTasksProjectComponent.projectClosing(188) - ---------- Project closed ----------

2019-05-07 23:40:22 INFO  PluginTasksProjectComponent.projectOpened(77) - ---------- Project opened ----------
2019-05-07 23:40:22 INFO  PluginTasksProjectComponent.projectOpened(77) - ---------- Project opened ----------
2019-05-07 23:40:22 INFO  PluginTasksProjectComponent.projectOpened(77) - ---------- Project opened ----------
2019-05-07 23:40:22 INFO  PluginTasksProjectComponent.projectOpened(78) - ---------- Version 3.30 ----------

2019-05-07 23:40:22 INFO  PluginTasksProjectComponent.projectOpened(78) - ---------- Version 3.30 ----------

2019-05-07 23:40:22 INFO  PluginTasksProjectComponent.projectOpened(78) - ---------- Version 3.30 ----------

2019-05-07 23:40:23 INFO  ApacheHttpClient.isSessionAppropriateWithSecretKey(585) - Waiting for server response.
2019-05-07 23:40:23 INFO  ApacheHttpClient.isSessionAppropriateWithSecretKey(585) - Waiting for server response.
2019-05-07 23:40:23 INFO  ApacheHttpClient.isSessionAppropriateWithSecretKey(585) - Waiting for server response.
2019-05-07 23:40:23 INFO  ApacheHttpClient.refreshUserInfo(293) - responseCode = 200
2019-05-07 23:40:23 INFO  ApacheHttpClient.refreshUserInfo(293) - responseCode = 200
2019-05-07 23:40:23 INFO  ApacheHttpClient.refreshUserInfo(293) - responseCode = 200
2019-05-07 23:40:23 INFO  ApacheHttpClient.refreshUserInfo(299) - User information received.
2019-05-07 23:40:23 INFO  ApacheHttpClient.refreshUserInfo(299) - User information received.
2019-05-07 23:40:23 INFO  ApacheHttpClient.refreshUserInfo(299) - User information received.
2019-05-07 23:40:23 INFO  ApacheHttpClient.startGA(35) - GAService started.
2019-05-07 23:40:23 INFO  ApacheHttpClient.startGA(35) - GAService started.
2019-05-07 23:40:23 INFO  ApacheHttpClient.startGA(35) - GAService started.
2019-05-07 23:40:23 INFO  AbstractRestApiClient.startService(71) - EventsService started.
2019-05-07 23:40:23 INFO  AbstractRestApiClient.startService(71) - EventsService started.
2019-05-07 23:40:23 INFO  AbstractRestApiClient.startService(71) - EventsService started.
2019-05-07 23:40:27 INFO  PluginTasksProjectComponent.projectClosing(188) - ---------- Project closed ----------

2019-05-07 23:40:27 INFO  PluginTasksProjectComponent.projectClosing(188) - ---------- Project closed ----------

2019-05-07 23:40:27 INFO  PluginTasksProjectComponent.projectClosing(188) - ---------- Project closed ----------

2019-05-07 23:40:43 INFO  PluginTasksProjectComponent.projectOpened(77) - ---------- Project opened ----------
2019-05-07 23:40:43 INFO  PluginTasksProjectComponent.projectOpened(78) - ---------- Version 3.30 ----------

2019-05-07 23:40:43 INFO  ApacheHttpClient.createAsyncHttpClient(135) - 1 proxies selected. Type: DIRECT
2019-05-07 23:40:43 INFO  ApacheHttpClient.<init>(93) - ApacheHttpClient was successfully instantiated.
2019-05-07 23:40:44 INFO  ApacheHttpClient.testConnection(193) - responseCode = 200
2019-05-07 23:40:44 INFO  ApacheHttpClient.testConnection(208) - result = true
2019-05-07 23:40:44 INFO  ApacheHttpClient.isSessionAppropriateWithSecretKey(585) - Waiting for server response.
2019-05-07 23:40:44 INFO  ApacheHttpClient.refreshUserInfo(293) - responseCode = 200
2019-05-07 23:40:44 INFO  ApacheHttpClient.refreshUserInfo(299) - User information received.
2019-05-07 23:40:44 INFO  ApacheHttpClient.startGA(35) - GAService started.
2019-05-07 23:40:44 INFO  AbstractRestApiClient.startService(71) - EventsService started.
2019-05-07 23:44:20 INFO  PluginTasksProjectComponent.projectClosing(188) - ---------- Project closed ----------

2019-05-07 23:44:28 INFO  PluginTasksProjectComponent.projectOpened(77) - ---------- Project opened ----------
2019-05-07 23:44:28 INFO  PluginTasksProjectComponent.projectOpened(78) - ---------- Version 3.30 ----------

2019-05-07 23:44:28 INFO  ApacheHttpClient.createAsyncHttpClient(135) - 1 proxies selected. Type: DIRECT
2019-05-07 23:44:28 INFO  ApacheHttpClient.<init>(93) - ApacheHttpClient was successfully instantiated.
2019-05-07 23:44:28 INFO  ApacheHttpClient.testConnection(193) - responseCode = 200
2019-05-07 23:44:28 INFO  ApacheHttpClient.testConnection(208) - result = true
2019-05-07 23:44:28 INFO  ApacheHttpClient.isSessionAppropriateWithSecretKey(585) - Waiting for server response.
2019-05-07 23:44:29 INFO  ApacheHttpClient.refreshUserInfo(293) - responseCode = 200
2019-05-07 23:44:29 INFO  ApacheHttpClient.refreshUserInfo(299) - User information received.
2019-05-07 23:44:29 INFO  ApacheHttpClient.startGA(35) - GAService started.
2019-05-07 23:44:29 INFO  AbstractRestApiClient.startService(71) - EventsService started.
2019-05-07 23:53:29 INFO  ApacheHttpClient.sendEvent(518) - responseCode = 200
2019-05-07 23:53:29 INFO  ApacheHttpClient.sendEvent(518) - responseCode = 200
2019-05-07 23:53:29 INFO  ApacheHttpClient.sendEvent(518) - responseCode = 200
2019-05-07 23:54:29 INFO  ApacheHttpClient.sendEvent(518) - responseCode = 200
2019-05-07 23:54:29 INFO  ApacheHttpClient.sendEvent(518) - responseCode = 200
2019-05-07 23:54:29 INFO  ApacheHttpClient.sendEvent(518) - responseCode = 200
2019-05-07 23:54:54 INFO  ApacheHttpClient.testConnection(193) - responseCode = 200
2019-05-07 23:54:54 INFO  ApacheHttpClient.testConnection(208) - result = true
2019-05-07 23:54:55 INFO  ApacheHttpClient.testConnection(193) - responseCode = 200
2019-05-07 23:54:55 INFO  ApacheHttpClient.testConnection(208) - result = true
2019-05-07 23:54:55 INFO  ApacheHttpClient.getWebResourceAsStream(485) - responseCode = 200
2019-05-07 23:55:16 INFO  ApacheHttpClient.testConnection(193) - responseCode = 200
2019-05-07 23:55:16 INFO  ApacheHttpClient.testConnection(208) - result = true
2019-05-07 23:55:29 INFO  ApacheHttpClient.sendEvent(518) - responseCode = 200
2019-05-07 23:55:29 INFO  ApacheHttpClient.sendEvent(518) - responseCode = 200
2019-05-07 23:55:29 INFO  ApacheHttpClient.sendEvent(518) - responseCode = 200
2019-05-07 23:55:29 INFO  ApacheHttpClient.sendEvent(518) - responseCode = 200
2019-05-07 23:55:29 INFO  ApacheHttpClient.sendEvent(518) - responseCode = 200
2019-05-07 23:56:29 INFO  ApacheHttpClient.sendEvent(518) - responseCode = 200
2019-05-07 23:56:29 INFO  ApacheHttpClient.sendEvent(518) - responseCode = 200
2019-05-07 23:56:29 INFO  ApacheHttpClient.sendEvent(518) - responseCode = 200
2019-05-07 23:56:29 INFO  ApacheHttpClient.sendEvent(518) - responseCode = 200
2019-05-07 23:56:29 INFO  ApacheHttpClient.sendEvent(518) - responseCode = 200
2019-05-07 23:57:29 INFO  ApacheHttpClient.sendEvent(518) - responseCode = 200
2019-05-07 23:57:29 INFO  ApacheHttpClient.sendEvent(518) - responseCode = 200
2019-05-07 23:57:29 INFO  ApacheHttpClient.sendEvent(518) - responseCode = 200
2019-05-07 23:57:29 INFO  ApacheHttpClient.sendEvent(518) - responseCode = 200
2019-05-07 23:57:29 INFO  ApacheHttpClient.sendEvent(518) - responseCode = 200
2019-05-07 23:58:29 INFO  ApacheHttpClient.sendEvent(518) - responseCode = 200
2019-05-07 23:58:29 INFO  ApacheHttpClient.sendEvent(518) - responseCode = 200
2019-05-07 23:58:29 INFO  ApacheHttpClient.sendEvent(518) - responseCode = 200
2019-05-07 23:58:29 INFO  ApacheHttpClient.sendEvent(518) - responseCode = 200
2019-05-07 23:58:29 INFO  ApacheHttpClient.sendEvent(518) - responseCode = 200
2019-05-07 23:59:29 INFO  ApacheHttpClient.sendEvent(518) - responseCode = 200
2019-05-07 23:59:29 INFO  ApacheHttpClient.sendEvent(518) - responseCode = 200
2019-05-07 23:59:29 INFO  ApacheHttpClient.sendEvent(518) - responseCode = 200
2019-05-07 23:59:29 INFO  ApacheHttpClient.sendEvent(518) - responseCode = 200
2019-05-07 23:59:29 INFO  ApacheHttpClient.sendEvent(518) - responseCode = 200
2019-05-08 00:00:29 INFO  ApacheHttpClient.sendEvent(518) - responseCode = 200
2019-05-08 00:00:29 INFO  ApacheHttpClient.sendEvent(518) - responseCode = 200
2019-05-08 00:00:29 INFO  ApacheHttpClient.sendEvent(518) - responseCode = 200
2019-05-08 00:00:29 INFO  ApacheHttpClient.sendEvent(518) - responseCode = 200
2019-05-08 00:00:29 INFO  ApacheHttpClient.sendEvent(518) - responseCode = 200
2019-05-08 00:01:29 INFO  ApacheHttpClient.sendEvent(518) - responseCode = 200
2019-05-08 00:01:29 INFO  ApacheHttpClient.sendEvent(518) - responseCode = 200
2019-05-08 00:01:29 INFO  ApacheHttpClient.sendEvent(518) - responseCode = 200
2019-05-08 00:01:29 INFO  ApacheHttpClient.sendEvent(518) - responseCode = 200
2019-05-08 00:01:29 INFO  ApacheHttpClient.sendEvent(518) - responseCode = 200
2019-05-08 00:02:29 INFO  ApacheHttpClient.sendEvent(518) - responseCode = 200
2019-05-08 00:02:29 INFO  ApacheHttpClient.sendEvent(518) - responseCode = 200
2019-05-08 00:02:29 INFO  ApacheHttpClient.sendEvent(518) - responseCode = 200
2019-05-08 00:02:29 INFO  ApacheHttpClient.sendEvent(518) - responseCode = 200
2019-05-08 00:02:29 INFO  ApacheHttpClient.sendEvent(518) - responseCode = 200
2019-05-08 00:03:29 INFO  ApacheHttpClient.sendEvent(518) - responseCode = 200
2019-05-08 00:03:29 INFO  ApacheHttpClient.sendEvent(518) - responseCode = 200
2019-05-08 00:03:29 INFO  ApacheHttpClient.sendEvent(518) - responseCode = 200
2019-05-08 00:03:29 INFO  ApacheHttpClient.sendEvent(518) - responseCode = 200
2019-05-08 00:03:29 INFO  ApacheHttpClient.sendEvent(518) - responseCode = 200
2019-05-08 00:04:16 INFO  ApacheHttpClient.testConnection(193) - responseCode = 200
2019-05-08 00:04:16 INFO  ApacheHttpClient.testConnection(208) - result = true
2019-05-08 00:04:29 INFO  ApacheHttpClient.sendEvent(518) - responseCode = 200
2019-05-08 00:04:29 INFO  ApacheHttpClient.sendEvent(518) - responseCode = 200
2019-05-08 00:04:29 INFO  ApacheHttpClient.sendEvent(518) - responseCode = 200
2019-05-08 00:04:29 INFO  ApacheHttpClient.sendEvent(518) - responseCode = 200
2019-05-08 00:04:29 INFO  ApacheHttpClient.sendEvent(518) - responseCode = 200
2019-05-08 00:04:29 INFO  ApacheHttpClient.sendEvent(518) - responseCode = 200
2019-05-08 00:05:29 INFO  ApacheHttpClient.sendEvent(518) - responseCode = 200
2019-05-08 00:05:29 INFO  ApacheHttpClient.sendEvent(518) - responseCode = 200
2019-05-08 00:05:29 INFO  ApacheHttpClient.sendEvent(518) - responseCode = 200
2019-05-08 00:05:29 INFO  ApacheHttpClient.sendEvent(518) - responseCode = 200
2019-05-08 00:05:29 INFO  ApacheHttpClient.sendEvent(518) - responseCode = 200
2019-05-08 00:05:29 INFO  ApacheHttpClient.sendEvent(518) - responseCode = 200
2019-05-08 00:05:29 INFO  ApacheHttpClient.sendEvent(518) - responseCode = 200
2019-05-08 00:05:29 INFO  ApacheHttpClient.sendEvent(518) - responseCode = 200
2019-05-08 00:06:29 INFO  ApacheHttpClient.sendEvent(518) - responseCode = 200
2019-05-08 00:06:29 INFO  ApacheHttpClient.sendEvent(518) - responseCode = 200
2019-05-08 00:06:29 INFO  ApacheHttpClient.sendEvent(518) - responseCode = 200
2019-05-08 00:06:29 INFO  ApacheHttpClient.sendEvent(518) - responseCode = 200
2019-05-08 00:06:29 INFO  ApacheHttpClient.sendEvent(518) - responseCode = 200
2019-05-08 00:06:29 INFO  ApacheHttpClient.sendEvent(518) - responseCode = 200
2019-05-08 00:06:29 INFO  ApacheHttpClient.sendEvent(518) - responseCode = 200
2019-05-08 00:06:29 INFO  ApacheHttpClient.sendEvent(518) - responseCode = 200
2019-05-08 00:06:36 INFO  ApacheHttpClient.testConnection(193) - responseCode = 200
2019-05-08 00:06:36 INFO  ApacheHttpClient.testConnection(208) - result = true
2019-05-08 00:07:07 INFO  ApacheHttpClient.testConnection(193) - responseCode = 200
2019-05-08 00:07:07 INFO  ApacheHttpClient.testConnection(208) - result = true
2019-05-08 00:07:29 INFO  ApacheHttpClient.sendEvent(518) - responseCode = 200
2019-05-08 00:07:29 INFO  ApacheHttpClient.sendEvent(518) - responseCode = 200
2019-05-08 00:07:29 INFO  ApacheHttpClient.sendEvent(518) - responseCode = 200
2019-05-08 00:07:29 INFO  ApacheHttpClient.sendEvent(518) - responseCode = 200
2019-05-08 00:07:29 INFO  ApacheHttpClient.sendEvent(518) - responseCode = 200
2019-05-08 00:07:29 INFO  ApacheHttpClient.sendEvent(518) - responseCode = 200
2019-05-08 00:07:29 INFO  ApacheHttpClient.sendEvent(518) - responseCode = 200
2019-05-08 00:07:29 INFO  ApacheHttpClient.sendEvent(518) - responseCode = 200
2019-05-08 00:08:09 INFO  ApacheHttpClient.testConnection(193) - responseCode = 200
2019-05-08 00:08:09 INFO  ApacheHttpClient.testConnection(208) - result = true
2019-05-08 00:08:29 INFO  ApacheHttpClient.sendEvent(518) - responseCode = 200
2019-05-08 00:08:29 INFO  ApacheHttpClient.sendEvent(518) - responseCode = 200
2019-05-08 00:08:29 INFO  ApacheHttpClient.sendEvent(518) - responseCode = 200
2019-05-08 00:08:29 INFO  ApacheHttpClient.sendEvent(518) - responseCode = 200
2019-05-08 00:08:29 INFO  ApacheHttpClient.sendEvent(518) - responseCode = 200
2019-05-08 00:08:29 INFO  ApacheHttpClient.sendEvent(518) - responseCode = 200
2019-05-08 00:08:29 INFO  ApacheHttpClient.sendEvent(518) - responseCode = 200
2019-05-08 00:08:29 INFO  ApacheHttpClient.sendEvent(518) - responseCode = 200
2019-05-07 21:13:42 INFO  PluginTasksProjectComponent.projectOpened(77) - ---------- Project opened ----------
2019-05-07 21:13:42 INFO  PluginTasksProjectComponent.projectOpened(78) - ---------- Version 3.30 ----------

2019-05-07 21:13:42 INFO  ApacheHttpClient.createAsyncHttpClient(135) - 1 proxies selected. Type: DIRECT
2019-05-07 21:13:42 INFO  ApacheHttpClient.<init>(93) - ApacheHttpClient was successfully instantiated.
2019-05-07 21:13:42 INFO  ApacheHttpClient.testConnection(193) - responseCode = 200
2019-05-07 21:13:42 INFO  ApacheHttpClient.testConnection(208) - result = true
2019-05-07 21:13:43 INFO  ApacheHttpClient.isSessionAppropriateWithSecretKey(585) - Waiting for server response.
2019-05-07 21:13:43 INFO  ApacheHttpClient.refreshUserInfo(293) - responseCode = 200
2019-05-07 21:13:43 INFO  ApacheHttpClient.refreshUserInfo(299) - User information received.
2019-05-07 21:13:43 INFO  ApacheHttpClient.startGA(35) - GAService started.
2019-05-07 21:13:43 INFO  AbstractRestApiClient.startService(71) - EventsService started.
2019-05-07 21:13:53 INFO  ApacheHttpClient.getWebResourceAsStream(485) - responseCode = 200
2019-05-07 21:13:53 INFO  ApacheHttpClient.getFilteredTasks(324) - responseCode = 200
2019-05-07 21:14:43 INFO  ApacheHttpClient.sendEvent(518) - responseCode = 200
2019-05-07 21:15:43 INFO  ApacheHttpClient.sendEvent(518) - responseCode = 200
2019-05-07 21:16:04 INFO  PluginTasksProjectComponent.projectClosing(188) - ---------- Project closed ----------

2019-05-07 21:16:04 INFO  ApacheHttpClient.getTask(471) - responseCode = 200
2019-05-07 21:16:45 INFO  PluginTasksProjectComponent.projectOpened(77) - ---------- Project opened ----------
2019-05-07 21:16:45 INFO  PluginTasksProjectComponent.projectOpened(78) - ---------- Version 3.30 ----------

2019-05-07 21:16:45 INFO  ApacheHttpClient.createAsyncHttpClient(135) - 1 proxies selected. Type: DIRECT
2019-05-07 21:16:45 INFO  ApacheHttpClient.<init>(93) - ApacheHttpClient was successfully instantiated.
2019-05-07 21:16:46 INFO  ApacheHttpClient.testConnection(193) - responseCode = 200
2019-05-07 21:16:46 INFO  ApacheHttpClient.testConnection(208) - result = true
2019-05-07 21:16:46 INFO  ApacheHttpClient.isSessionAppropriateWithSecretKey(585) - Waiting for server response.
2019-05-07 21:16:46 INFO  ApacheHttpClient.refreshUserInfo(293) - responseCode = 200
2019-05-07 21:16:46 INFO  ApacheHttpClient.refreshUserInfo(299) - User information received.
2019-05-07 21:16:46 INFO  ApacheHttpClient.startGA(35) - GAService started.
2019-05-07 21:16:46 INFO  AbstractRestApiClient.startService(71) - EventsService started.
2019-05-07 21:17:46 INFO  ApacheHttpClient.sendEvent(518) - responseCode = 200
2019-05-07 21:18:46 INFO  ApacheHttpClient.sendEvent(518) - responseCode = 200
2019-05-07 21:19:46 INFO  ApacheHttpClient.sendEvent(518) - responseCode = 200
2019-05-07 21:19:49 INFO  ApacheHttpClient.getWebResourceAsStream(485) - responseCode = 200
2019-05-07 21:19:49 INFO  ApacheHttpClient.getFilteredTasks(324) - responseCode = 200
2019-05-07 21:19:51 INFO  PluginTasksProjectComponent.projectClosing(188) - ---------- Project closed ----------

2019-05-07 21:19:51 INFO  ApacheHttpClient.getTask(471) - responseCode = 200
2019-05-07 21:19:51 INFO  ApacheHttpClient.getTask(471) - responseCode = 200
2019-05-07 21:20:10 INFO  PluginTasksProjectComponent.projectOpened(77) - ---------- Project opened ----------
2019-05-07 21:20:10 INFO  PluginTasksProjectComponent.projectOpened(78) - ---------- Version 3.30 ----------

2019-05-07 21:20:10 INFO  ApacheHttpClient.createAsyncHttpClient(135) - 1 proxies selected. Type: DIRECT
2019-05-07 21:20:10 INFO  ApacheHttpClient.<init>(93) - ApacheHttpClient was successfully instantiated.
2019-05-07 21:20:11 INFO  ApacheHttpClient.testConnection(193) - responseCode = 200
2019-05-07 21:20:11 INFO  ApacheHttpClient.testConnection(208) - result = true
2019-05-07 21:20:11 INFO  ApacheHttpClient.isSessionAppropriateWithSecretKey(585) - Waiting for server response.
2019-05-07 21:20:11 INFO  ApacheHttpClient.refreshUserInfo(293) - responseCode = 200
2019-05-07 21:20:11 INFO  ApacheHttpClient.refreshUserInfo(299) - User information received.
2019-05-07 21:20:11 INFO  ApacheHttpClient.startGA(35) - GAService started.
2019-05-07 21:20:11 INFO  AbstractRestApiClient.startService(71) - EventsService started.
2019-05-07 21:21:11 INFO  ApacheHttpClient.sendEvent(518) - responseCode = 200
2019-05-07 21:21:41 INFO  PluginTasksProjectComponent.projectClosing(188) - ---------- Project closed ----------

2019-05-07 21:21:41 INFO  ApacheHttpClient.getTask(471) - responseCode = 200
2019-05-08 23:24:15 INFO  PluginTasksProjectComponent.projectOpened(77) - ---------- Project opened ----------
2019-05-08 23:24:15 INFO  PluginTasksProjectComponent.projectOpened(78) - ---------- Version 3.30 ----------

2019-05-08 23:24:15 INFO  ApacheHttpClient.createAsyncHttpClient(135) - 1 proxies selected. Type: DIRECT
2019-05-08 23:24:15 INFO  ApacheHttpClient.<init>(93) - ApacheHttpClient was successfully instantiated.
2019-05-08 23:24:15 INFO  ApacheHttpClient.testConnection(193) - responseCode = 200
2019-05-08 23:24:15 INFO  ApacheHttpClient.testConnection(208) - result = true
2019-05-08 23:24:16 INFO  ApacheHttpClient.isSessionAppropriateWithSecretKey(585) - Waiting for server response.
2019-05-08 23:24:16 INFO  ApacheHttpClient.refreshUserInfo(293) - responseCode = 200
2019-05-08 23:24:16 INFO  ApacheHttpClient.refreshUserInfo(299) - User information received.
2019-05-08 23:24:16 INFO  ApacheHttpClient.startGA(35) - GAService started.
2019-05-08 23:24:16 INFO  AbstractRestApiClient.startService(71) - EventsService started.
2019-05-08 23:24:48 INFO  PluginTasksProjectComponent.projectClosing(188) - ---------- Project closed ----------

2019-05-08 23:24:48 INFO  ApacheHttpClient.getTask(471) - responseCode = 200
2019-05-14 14:48:13 INFO  PluginTasksProjectComponent.projectOpened(77) - ---------- Project opened ----------
2019-05-14 14:48:13 INFO  PluginTasksProjectComponent.projectOpened(78) - ---------- Version 3.30 ----------

2019-05-14 14:48:13 INFO  ApacheHttpClient.createAsyncHttpClient(135) - 1 proxies selected. Type: DIRECT
2019-05-14 14:48:13 INFO  ApacheHttpClient.<init>(93) - ApacheHttpClient was successfully instantiated.
2019-05-14 14:48:13 INFO  ApacheHttpClient.testConnection(193) - responseCode = 200
2019-05-14 14:48:13 INFO  ApacheHttpClient.testConnection(208) - result = true
2019-05-14 14:48:14 INFO  ApacheHttpClient.isSessionAppropriateWithSecretKey(585) - Waiting for server response.
2019-05-14 14:48:14 INFO  ApacheHttpClient.refreshUserInfo(293) - responseCode = 200
2019-05-14 14:48:14 INFO  ApacheHttpClient.refreshUserInfo(299) - User information received.
2019-05-14 14:48:15 INFO  ApacheHttpClient.startGA(35) - GAService started.
2019-05-14 14:48:15 INFO  AbstractRestApiClient.startService(71) - EventsService started.
2019-05-14 14:48:19 INFO  ApacheHttpClient.getWebResourceAsStream(485) - responseCode = 200
2019-05-14 14:48:19 INFO  ApacheHttpClient.getFilteredTasks(324) - responseCode = 200
2019-05-14 14:48:46 INFO  ApacheHttpClient.getWebResourceAsStream(485) - responseCode = 200
2019-05-14 14:48:46 INFO  ApacheHttpClient.getFilteredTasks(324) - responseCode = 200
2019-05-14 14:48:57 INFO  ApacheHttpClient.getTaskTemplateInfo(341) - responseCode = 200
2019-05-14 14:48:58 INFO  ApacheHttpClient.testConnection(193) - responseCode = 200
2019-05-14 14:48:58 INFO  ApacheHttpClient.testConnection(208) - result = true
2019-05-14 14:49:00 INFO  ApacheHttpClient.testConnection(193) - responseCode = 200
2019-05-14 14:49:00 INFO  ApacheHttpClient.testConnection(208) - result = true
2019-05-14 14:49:01 INFO  ApacheHttpClient.getWebResourceAsStream(485) - responseCode = 200
2019-05-14 14:49:15 INFO  ApacheHttpClient.sendEvent(518) - responseCode = 200
2019-05-14 14:50:15 INFO  ApacheHttpClient.sendEvent(518) - responseCode = 200
2019-05-14 14:50:41 INFO  ApacheHttpClient.testConnection(193) - responseCode = 200
2019-05-14 14:50:41 INFO  ApacheHttpClient.testConnection(208) - result = true
2019-05-14 14:50:42 INFO  ApacheHttpClient.testConnection(193) - responseCode = 200
2019-05-14 14:50:42 INFO  ApacheHttpClient.testConnection(208) - result = true
2019-05-14 14:51:02 INFO  ApacheHttpClient.testConnection(193) - responseCode = 200
2019-05-14 14:51:02 INFO  ApacheHttpClient.testConnection(208) - result = true
2019-05-14 14:51:06 INFO  ApacheHttpClient.testConnection(193) - responseCode = 200
2019-05-14 14:51:06 INFO  ApacheHttpClient.testConnection(208) - result = true
2019-05-14 14:51:13 INFO  ApacheHttpClient.testConnection(193) - responseCode = 200
2019-05-14 14:51:13 INFO  ApacheHttpClient.testConnection(208) - result = true
2019-05-14 14:51:15 INFO  ApacheHttpClient.sendEvent(518) - responseCode = 200
2019-05-14 14:51:44 INFO  ApacheHttpClient.testConnection(193) - responseCode = 200
2019-05-14 14:51:44 INFO  ApacheHttpClient.testConnection(208) - result = true
2019-05-14 14:52:15 INFO  ApacheHttpClient.sendEvent(518) - responseCode = 200
2019-05-14 14:52:25 INFO  ApacheHttpClient.getWebResourceAsStream(485) - responseCode = 200
2019-05-14 14:52:26 INFO  ApacheHttpClient.getTask(471) - responseCode = 200
2019-05-14 14:52:26 INFO  ApacheHttpClient.getWebResourceAsStream(485) - responseCode = 200
2019-05-14 14:52:29 INFO  ApacheHttpClient.completed(28) - responseCode = 200
2019-05-14 14:53:15 INFO  ApacheHttpClient.sendEvent(518) - responseCode = 200
2019-05-14 14:54:15 INFO  ApacheHttpClient.sendEvent(518) - responseCode = 200
2019-05-14 14:55:15 INFO  ApacheHttpClient.sendEvent(518) - responseCode = 200
2019-05-14 14:56:15 INFO  ApacheHttpClient.sendEvent(518) - responseCode = 200
2019-05-14 14:57:15 INFO  ApacheHttpClient.sendEvent(518) - responseCode = 200
2019-05-14 14:57:15 INFO  ApacheHttpClient.getWebResourceAsStream(485) - responseCode = 200
2019-05-14 14:57:15 INFO  ApacheHttpClient.getTask(471) - responseCode = 200
2019-05-14 14:57:16 INFO  ApacheHttpClient.getWebResourceAsStream(485) - responseCode = 200
2019-05-14 14:57:18 INFO  ApacheHttpClient.completed(28) - responseCode = 200
2019-05-14 14:57:18 INFO  ApacheHttpClient.getTask(471) - responseCode = 200
2019-05-14 14:57:30 INFO  ApacheHttpClient.getWebResourceAsStream(485) - responseCode = 200
2019-05-14 14:57:30 INFO  ApacheHttpClient.getFilteredTasks(324) - responseCode = 200
2019-05-14 14:58:15 INFO  ApacheHttpClient.sendEvent(518) - responseCode = 200
2019-05-14 14:58:50 INFO  ApacheHttpClient.getWebResourceAsStream(485) - responseCode = 200
2019-05-14 14:58:51 INFO  ApacheHttpClient.getFilteredTasks(324) - responseCode = 200
2019-05-14 14:59:01 INFO  ApacheHttpClient.getTaskTemplateInfo(341) - responseCode = 200
2019-05-14 14:59:03 INFO  ApacheHttpClient.testConnection(193) - responseCode = 200
2019-05-14 14:59:03 INFO  ApacheHttpClient.testConnection(208) - result = true
2019-05-14 14:59:04 INFO  ApacheHttpClient.testConnection(193) - responseCode = 200
2019-05-14 14:59:04 INFO  ApacheHttpClient.testConnection(208) - result = true
2019-05-14 14:59:04 INFO  ApacheHttpClient.getWebResourceAsStream(485) - responseCode = 200
2019-05-14 14:59:15 INFO  ApacheHttpClient.sendEvent(518) - responseCode = 200
2019-05-14 14:59:47 INFO  PluginTasksProjectComponent.projectClosing(188) - ---------- Project closed ----------

2019-05-14 14:59:48 INFO  ApacheHttpClient.getTask(471) - responseCode = 200
2019-05-14 14:59:48 INFO  ApacheHttpClient.getTask(471) - responseCode = 200
2019-05-14 14:59:48 INFO  ApacheHttpClient.getTask(471) - responseCode = 200
2019-05-14 22:48:00 INFO  PluginTasksProjectComponent.projectOpened(77) - ---------- Project opened ----------
2019-05-14 22:48:00 INFO  PluginTasksProjectComponent.projectOpened(78) - ---------- Version 3.30 ----------

2019-05-14 22:48:00 INFO  ApacheHttpClient.createAsyncHttpClient(135) - 1 proxies selected. Type: DIRECT
2019-05-14 22:48:00 INFO  ApacheHttpClient.<init>(93) - ApacheHttpClient was successfully instantiated.
2019-05-14 22:48:01 INFO  ApacheHttpClient.testConnection(193) - responseCode = 200
2019-05-14 22:48:01 INFO  ApacheHttpClient.testConnection(208) - result = true
2019-05-14 22:48:02 INFO  ApacheHttpClient.isSessionAppropriateWithSecretKey(585) - Waiting for server response.
2019-05-14 22:48:02 INFO  ApacheHttpClient.refreshUserInfo(293) - responseCode = 200
2019-05-14 22:48:02 INFO  ApacheHttpClient.refreshUserInfo(299) - User information received.
2019-05-14 22:48:02 INFO  ApacheHttpClient.startGA(35) - GAService started.
2019-05-14 22:48:02 INFO  AbstractRestApiClient.startService(71) - EventsService started.
2019-05-14 22:49:02 INFO  ApacheHttpClient.sendEvent(518) - responseCode = 200
2019-05-14 22:50:02 INFO  ApacheHttpClient.sendEvent(518) - responseCode = 200
2019-05-14 22:51:02 INFO  ApacheHttpClient.sendEvent(518) - responseCode = 200
2019-05-14 22:52:02 INFO  ApacheHttpClient.sendEvent(518) - responseCode = 200
2019-05-14 22:53:02 INFO  ApacheHttpClient.sendEvent(518) - responseCode = 200
2019-05-14 22:54:02 INFO  ApacheHttpClient.sendEvent(518) - responseCode = 200
2019-05-14 22:55:02 INFO  ApacheHttpClient.sendEvent(518) - responseCode = 200
2019-05-14 22:56:02 INFO  ApacheHttpClient.sendEvent(518) - responseCode = 200
2019-05-14 22:57:02 INFO  ApacheHttpClient.sendEvent(518) - responseCode = 200
2019-05-14 22:58:02 INFO  ApacheHttpClient.sendEvent(518) - responseCode = 200
2019-05-14 22:59:02 INFO  ApacheHttpClient.sendEvent(518) - responseCode = 200
2019-05-14 22:59:08 INFO  PluginTasksProjectComponent.projectClosing(188) - ---------- Project closed ----------

2019-05-14 22:59:08 INFO  ApacheHttpClient.getTask(471) - responseCode = 200
2019-05-14 22:59:08 INFO  ApacheHttpClient.getTask(471) - responseCode = 200
2019-05-15 23:43:55 INFO  PluginTasksProjectComponent.projectOpened(77) - ---------- Project opened ----------
2019-05-15 23:43:55 INFO  PluginTasksProjectComponent.projectOpened(78) - ---------- Version 3.30 ----------

2019-05-15 23:43:55 INFO  ApacheHttpClient.createAsyncHttpClient(135) - 1 proxies selected. Type: DIRECT
2019-05-15 23:43:55 INFO  ApacheHttpClient.<init>(93) - ApacheHttpClient was successfully instantiated.
2019-05-15 23:43:56 INFO  ApacheHttpClient.testConnection(193) - responseCode = 200
2019-05-15 23:43:56 INFO  ApacheHttpClient.testConnection(208) - result = true
2019-05-15 23:43:56 INFO  ApacheHttpClient.isSessionAppropriateWithSecretKey(585) - Waiting for server response.
2019-05-15 23:43:57 INFO  ApacheHttpClient.refreshUserInfo(293) - responseCode = 200
2019-05-15 23:43:57 INFO  ApacheHttpClient.refreshUserInfo(299) - User information received.
2019-05-15 23:43:57 INFO  ApacheHttpClient.startGA(35) - GAService started.
2019-05-15 23:43:57 INFO  AbstractRestApiClient.startService(71) - EventsService started.
2019-05-15 23:44:57 INFO  ApacheHttpClient.sendEvent(518) - responseCode = 200
2019-05-15 23:45:57 INFO  ApacheHttpClient.sendEvent(518) - responseCode = 200
2019-05-15 23:46:57 INFO  ApacheHttpClient.sendEvent(518) - responseCode = 200
2019-05-15 23:47:57 INFO  ApacheHttpClient.sendEvent(518) - responseCode = 200
2019-05-15 23:48:57 INFO  ApacheHttpClient.sendEvent(518) - responseCode = 200
2019-05-15 23:49:57 INFO  ApacheHttpClient.sendEvent(518) - responseCode = 200
2019-05-15 23:50:57 INFO  ApacheHttpClient.sendEvent(518) - responseCode = 200
2019-05-15 23:51:57 INFO  ApacheHttpClient.sendEvent(518) - responseCode = 200
2019-05-15 23:52:57 INFO  ApacheHttpClient.sendEvent(518) - responseCode = 200
2019-05-15 23:53:57 INFO  ApacheHttpClient.sendEvent(518) - responseCode = 200
2019-05-15 23:54:57 INFO  ApacheHttpClient.sendEvent(518) - responseCode = 200
2019-05-15 23:55:57 INFO  ApacheHttpClient.sendEvent(518) - responseCode = 200
2019-05-15 23:56:57 INFO  ApacheHttpClient.sendEvent(518) - responseCode = 200
2019-05-15 23:57:57 INFO  ApacheHttpClient.sendEvent(518) - responseCode = 200
2019-05-15 23:58:57 INFO  ApacheHttpClient.sendEvent(518) - responseCode = 200
2019-05-15 23:59:57 INFO  ApacheHttpClient.sendEvent(518) - responseCode = 200
2019-05-16 00:00:57 INFO  ApacheHttpClient.sendEvent(518) - responseCode = 200
2019-05-16 00:01:32 INFO  PluginTasksProjectComponent.projectClosing(188) - ---------- Project closed ----------

2019-05-16 00:01:32 INFO  ApacheHttpClient.getTask(471) - responseCode = 200
2019-05-16 13:10:41 INFO  PluginTasksProjectComponent.projectOpened(77) - ---------- Project opened ----------
2019-05-16 13:10:41 INFO  PluginTasksProjectComponent.projectOpened(78) - ---------- Version 3.30 ----------

2019-05-16 13:10:42 INFO  ApacheHttpClient.createAsyncHttpClient(135) - 1 proxies selected. Type: DIRECT
2019-05-16 13:10:42 INFO  ApacheHttpClient.<init>(93) - ApacheHttpClient was successfully instantiated.
2019-05-16 13:10:42 INFO  ApacheHttpClient.testConnection(193) - responseCode = 200
2019-05-16 13:10:42 INFO  ApacheHttpClient.testConnection(208) - result = true
2019-05-16 13:10:42 INFO  ApacheHttpClient.isSessionAppropriateWithSecretKey(585) - Waiting for server response.
2019-05-16 13:10:43 INFO  ApacheHttpClient.refreshUserInfo(293) - responseCode = 200
2019-05-16 13:10:43 INFO  ApacheHttpClient.refreshUserInfo(299) - User information received.
2019-05-16 13:10:43 INFO  ApacheHttpClient.startGA(35) - GAService started.
2019-05-16 13:10:43 INFO  AbstractRestApiClient.startService(71) - EventsService started.
2019-05-16 13:11:43 INFO  ApacheHttpClient.sendEvent(518) - responseCode = 200
2019-05-16 13:12:43 INFO  ApacheHttpClient.sendEvent(518) - responseCode = 200
2019-05-16 13:13:43 INFO  ApacheHttpClient.sendEvent(518) - responseCode = 200
2019-05-16 13:14:18 INFO  PluginTasksProjectComponent.projectClosing(188) - ---------- Project closed ----------

2019-05-16 13:14:18 INFO  ApacheHttpClient.getTask(471) - responseCode = 200
2019-05-16 14:24:16 INFO  PluginTasksProjectComponent.projectOpened(77) - ---------- Project opened ----------
2019-05-16 14:24:16 INFO  PluginTasksProjectComponent.projectOpened(77) - ---------- Project opened ----------
2019-05-16 14:24:16 INFO  PluginTasksProjectComponent.projectOpened(78) - ---------- Version 3.30 ----------

2019-05-16 14:24:16 INFO  PluginTasksProjectComponent.projectOpened(78) - ---------- Version 3.30 ----------

2019-05-16 14:24:18 INFO  ApacheHttpClient.isSessionAppropriateWithSecretKey(585) - Waiting for server response.
2019-05-16 14:24:18 INFO  ApacheHttpClient.isSessionAppropriateWithSecretKey(585) - Waiting for server response.
2019-05-16 14:24:18 INFO  ApacheHttpClient.refreshUserInfo(293) - responseCode = 200
2019-05-16 14:24:18 INFO  ApacheHttpClient.refreshUserInfo(293) - responseCode = 200
2019-05-16 14:24:18 INFO  ApacheHttpClient.refreshUserInfo(299) - User information received.
2019-05-16 14:24:18 INFO  ApacheHttpClient.refreshUserInfo(299) - User information received.
2019-05-16 14:24:18 INFO  ApacheHttpClient.startGA(35) - GAService started.
2019-05-16 14:24:18 INFO  ApacheHttpClient.startGA(35) - GAService started.
2019-05-16 14:24:18 INFO  AbstractRestApiClient.startService(71) - EventsService started.
2019-05-16 14:24:18 INFO  AbstractRestApiClient.startService(71) - EventsService started.
2019-05-16 14:24:20 INFO  PluginTasksProjectComponent.projectClosing(188) - ---------- Project closed ----------

2019-05-16 14:24:20 INFO  PluginTasksProjectComponent.projectClosing(188) - ---------- Project closed ----------

2019-05-16 14:24:20 INFO  ApacheHttpClient.getTask(471) - responseCode = 200
2019-05-16 14:24:20 INFO  ApacheHttpClient.getTask(471) - responseCode = 200
2019-05-17 19:34:41 INFO  PluginTasksProjectComponent.projectOpened(77) - ---------- Project opened ----------
2019-05-17 19:34:41 INFO  PluginTasksProjectComponent.projectOpened(78) - ---------- Version 3.30 ----------

2019-05-17 19:34:42 INFO  ApacheHttpClient.isSessionAppropriateWithSecretKey(585) - Waiting for server response.
2019-05-17 19:34:42 INFO  ApacheHttpClient.refreshUserInfo(293) - responseCode = 200
2019-05-17 19:34:42 INFO  ApacheHttpClient.refreshUserInfo(299) - User information received.
2019-05-17 19:34:42 INFO  ApacheHttpClient.startGA(35) - GAService started.
2019-05-17 19:34:42 INFO  AbstractRestApiClient.startService(71) - EventsService started.
2019-05-17 19:34:49 INFO  ApacheHttpClient.getWebResourceAsStream(485) - responseCode = 200
2019-05-17 19:34:49 INFO  ApacheHttpClient.getFilteredTasks(324) - responseCode = 200
2019-05-17 19:34:54 INFO  ApacheHttpClient.getTaskTemplateInfo(341) - responseCode = 200
2019-05-17 19:34:56 INFO  ApacheHttpClient.testConnection(193) - responseCode = 200
2019-05-17 19:34:56 INFO  ApacheHttpClient.testConnection(208) - result = true
2019-05-17 19:34:57 INFO  ApacheHttpClient.testConnection(193) - responseCode = 200
2019-05-17 19:34:57 INFO  ApacheHttpClient.testConnection(208) - result = true
2019-05-17 19:34:58 INFO  ApacheHttpClient.getWebResourceAsStream(485) - responseCode = 200
2019-05-17 19:35:42 INFO  ApacheHttpClient.sendEvent(518) - responseCode = 200
2019-05-17 19:36:42 INFO  ApacheHttpClient.sendEvent(518) - responseCode = 200
2019-05-17 19:37:42 INFO  ApacheHttpClient.sendEvent(518) - responseCode = 200
2019-05-17 19:38:42 INFO  ApacheHttpClient.sendEvent(518) - responseCode = 200
2019-05-17 19:39:42 INFO  ApacheHttpClient.sendEvent(518) - responseCode = 200
2019-05-17 19:40:42 INFO  ApacheHttpClient.sendEvent(518) - responseCode = 200
2019-05-17 19:41:42 INFO  ApacheHttpClient.sendEvent(518) - responseCode = 200
2019-05-17 19:42:42 INFO  ApacheHttpClient.sendEvent(518) - responseCode = 200
2019-05-17 19:43:42 INFO  ApacheHttpClient.sendEvent(518) - responseCode = 200
2019-05-17 19:44:42 INFO  ApacheHttpClient.sendEvent(518) - responseCode = 200
2019-05-17 19:45:42 INFO  ApacheHttpClient.sendEvent(518) - responseCode = 200
2019-05-17 19:46:42 INFO  ApacheHttpClient.sendEvent(518) - responseCode = 200
2019-05-17 19:47:42 INFO  ApacheHttpClient.sendEvent(518) - responseCode = 200
2019-05-17 19:48:42 INFO  ApacheHttpClient.sendEvent(518) - responseCode = 200
2019-05-17 19:49:42 INFO  ApacheHttpClient.sendEvent(518) - responseCode = 200
2019-05-17 19:50:42 INFO  ApacheHttpClient.sendEvent(518) - responseCode = 200
2019-05-17 19:51:24 INFO  ApacheHttpClient.getWebResourceAsStream(485) - responseCode = 200
2019-05-17 19:51:24 INFO  ApacheHttpClient.getTask(471) - responseCode = 200
2019-05-17 19:51:24 INFO  ApacheHttpClient.getWebResourceAsStream(485) - responseCode = 200
2019-05-17 19:51:25 INFO  ApacheHttpClient.completed(28) - responseCode = 200
2019-05-17 19:51:42 INFO  ApacheHttpClient.sendEvent(518) - responseCode = 200
2019-05-17 19:51:54 INFO  ApacheHttpClient.getWebResourceAsStream(485) - responseCode = 200
2019-05-17 19:51:54 INFO  ApacheHttpClient.getTask(471) - responseCode = 200
2019-05-17 19:51:54 INFO  ApacheHttpClient.getWebResourceAsStream(485) - responseCode = 200
2019-05-17 19:51:54 INFO  ApacheHttpClient.completed(28) - responseCode = 200
2019-05-17 19:51:55 INFO  ApacheHttpClient.getTask(471) - responseCode = 200
2019-05-17 19:51:58 INFO  ApacheHttpClient.getWebResourceAsStream(485) - responseCode = 200
2019-05-17 19:51:58 WARN  PluginUtil.getCurrentTask(71) - Error while retrieving the task key.
2019-05-17 19:51:59 INFO  ApacheHttpClient.getTask(471) - responseCode = 200
2019-05-17 19:52:42 INFO  ApacheHttpClient.sendEvent(518) - responseCode = 200
